Log file open, 03/05/17 23:25:36
LogInit:Display: Running engine for game: MyProject3
LogPlatformFile: Not using cached read wrapper
LogInit:Display: RandInit(-475514781) SRandInit(-475514781).
LogTaskGraph: Started task graph with 5 named threads and 8 total threads with 1 sets of task threads.
LogStats: Stats thread started at 0.098356
LogPluginManager: Loaded Plugin Paper2D, From C:/Program Files (x86)/Epic Games/4.14/Engine/Plugins/2D/Paper2D/Paper2D.uplugin
LogPluginManager: Loaded Plugin LightPropagationVolume, From C:/Program Files (x86)/Epic Games/4.14/Engine/Plugins/Blendables/LightPropagationVolume/LightPropagationVolume.uplugin
LogPluginManager: Loaded Plugin BlankPlugin, From C:/Program Files (x86)/Epic Games/4.14/Engine/Plugins/Developer/BlankPlugin/BlankPlugin.uplugin
LogPluginManager: Loaded Plugin CodeLiteSourceCodeAccess, From C:/Program Files (x86)/Epic Games/4.14/Engine/Plugins/Developer/CodeLiteSourceCodeAccess/CodeLiteSourceCodeAccess.uplugin
LogPluginManager: Loaded Plugin GitSourceControl, From C:/Program Files (x86)/Epic Games/4.14/Engine/Plugins/Developer/GitSourceControl/GitSourceControl.uplugin
LogPluginManager: Loaded Plugin KDevelopSourceCodeAccess, From C:/Program Files (x86)/Epic Games/4.14/Engine/Plugins/Developer/KDevelopSourceCodeAccess/KDevelopSourceCodeAccess.uplugin
LogPluginManager: Loaded Plugin NullSourceCodeAccess, From C:/Program Files (x86)/Epic Games/4.14/Engine/Plugins/Developer/NullSourceCodeAccess/NullSourceCodeAccess.uplugin
LogPluginManager: Loaded Plugin OneSkyLocalizationService, From C:/Program Files (x86)/Epic Games/4.14/Engine/Plugins/Developer/OneSkyLocalizationService/OneSkyLocalizationService.uplugin
LogPluginManager: Loaded Plugin PerforceSourceControl, From C:/Program Files (x86)/Epic Games/4.14/Engine/Plugins/Developer/PerforceSourceControl/PerforceSourceControl.uplugin
LogPluginManager: Loaded Plugin SubversionSourceControl, From C:/Program Files (x86)/Epic Games/4.14/Engine/Plugins/Developer/SubversionSourceControl/SubversionSourceControl.uplugin
LogPluginManager: Loaded Plugin UObjectPlugin, From C:/Program Files (x86)/Epic Games/4.14/Engine/Plugins/Developer/UObjectPlugin/UObjectPlugin.uplugin
LogPluginManager: Loaded Plugin VisualStudioSourceCodeAccess, From C:/Program Files (x86)/Epic Games/4.14/Engine/Plugins/Developer/VisualStudioSourceCodeAccess/VisualStudioSourceCodeAccess.uplugin
LogPluginManager: Loaded Plugin XCodeSourceCodeAccess, From C:/Program Files (x86)/Epic Games/4.14/Engine/Plugins/Developer/XCodeSourceCodeAccess/XCodeSourceCodeAccess.uplugin
LogPluginManager: Loaded Plugin AudioCapture, From C:/Program Files (x86)/Epic Games/4.14/Engine/Plugins/Editor/AudioCapture/AudioCapture.uplugin
LogPluginManager: Loaded Plugin EpicSurvey, From C:/Program Files (x86)/Epic Games/4.14/Engine/Plugins/Editor/EpicSurvey/EpicSurvey.uplugin
LogPluginManager: Loaded Plugin MacGraphicsSwitching, From C:/Program Files (x86)/Epic Games/4.14/Engine/Plugins/Editor/MacGraphicsSwitching/MacGraphicsSwitching.uplugin
LogPluginManager: Loaded Plugin MobileLauncherProfileWizard, From C:/Program Files (x86)/Epic Games/4.14/Engine/Plugins/Editor/MobileLauncherProfileWizard/MobileLauncherProfileWizard.uplugin
LogPluginManager: Loaded Plugin PluginBrowser, From C:/Program Files (x86)/Epic Games/4.14/Engine/Plugins/Editor/PluginBrowser/PluginBrowser.uplugin
LogPluginManager: Loaded Plugin SpeedTreeImporter, From C:/Program Files (x86)/Epic Games/4.14/Engine/Plugins/Editor/SpeedTreeImporter/SpeedTreeImporter.uplugin
LogPluginManager: Loaded Plugin SuperSearchEditor, From C:/Program Files (x86)/Epic Games/4.14/Engine/Plugins/Editor/SuperSearchEditor/SuperSearchEditor.uplugin
LogPluginManager: Loaded Plugin AlembicImporter, From C:/Program Files (x86)/Epic Games/4.14/Engine/Plugins/Experimental/AlembicImporter/AlembicImporter.uplugin
LogPluginManager: Loaded Plugin BlueprintStats, From C:/Program Files (x86)/Epic Games/4.14/Engine/Plugins/Experimental/BlueprintStats/BlueprintStats.uplugin
LogPluginManager: Loaded Plugin CharacterAI, From C:/Program Files (x86)/Epic Games/4.14/Engine/Plugins/Experimental/CharacterAI/CharacterAI.uplugin
LogPluginManager: Loaded Plugin CodeEditor, From C:/Program Files (x86)/Epic Games/4.14/Engine/Plugins/Experimental/CodeEditor/CodeEditor.uplugin
LogPluginManager: Loaded Plugin CodeView, From C:/Program Files (x86)/Epic Games/4.14/Engine/Plugins/Experimental/CodeView/CodeView.uplugin
LogPluginManager: Loaded Plugin HTML5Networking, From C:/Program Files (x86)/Epic Games/4.14/Engine/Plugins/Experimental/HTML5Networking/HTML5Networking.uplugin
LogPluginManager: Loaded Plugin OSVR, From C:/Program Files (x86)/Epic Games/4.14/Engine/Plugins/Experimental/OSVR/OSVR.uplugin
LogPluginManager: Loaded Plugin Phya, From C:/Program Files (x86)/Epic Games/4.14/Engine/Plugins/Experimental/Phya/Phya.uplugin
LogPluginManager: Loaded Plugin SignificanceManager, From C:/Program Files (x86)/Epic Games/4.14/Engine/Plugins/Experimental/SignificanceManager/SignificanceManager.uplugin
LogPluginManager: Loaded Plugin SimpleHMD, From C:/Program Files (x86)/Epic Games/4.14/Engine/Plugins/Experimental/SimpleHMD/SimpleHMD.uplugin
LogPluginManager: Loaded Plugin StereoPanorama, From C:/Program Files (x86)/Epic Games/4.14/Engine/Plugins/Experimental/StereoPanorama/StereoPanorama.uplugin
LogPluginManager: Loaded Plugin StructBox, From C:/Program Files (x86)/Epic Games/4.14/Engine/Plugins/Experimental/StructBox/StructBox.uplugin
LogPluginManager: Loaded Plugin AndroidMedia, From C:/Program Files (x86)/Epic Games/4.14/Engine/Plugins/Media/AndroidMedia/AndroidMedia.uplugin
LogPluginManager: Loaded Plugin AvfMedia, From C:/Program Files (x86)/Epic Games/4.14/Engine/Plugins/Media/AvfMedia/AvfMedia.uplugin
LogPluginManager: Loaded Plugin MediaPlayerEditor, From C:/Program Files (x86)/Epic Games/4.14/Engine/Plugins/Media/MediaPlayerEditor/MediaPlayerEditor.uplugin
LogPluginManager: Loaded Plugin WmfMedia, From C:/Program Files (x86)/Epic Games/4.14/Engine/Plugins/Media/WmfMedia/WmfMedia.uplugin
LogPluginManager: Loaded Plugin MessagingDebugger, From C:/Program Files (x86)/Epic Games/4.14/Engine/Plugins/Messaging/MessagingDebugger/MessagingDebugger.uplugin
LogPluginManager: Loaded Plugin TcpMessaging, From C:/Program Files (x86)/Epic Games/4.14/Engine/Plugins/Messaging/TcpMessaging/TcpMessaging.uplugin
LogPluginManager: Loaded Plugin UdpMessaging, From C:/Program Files (x86)/Epic Games/4.14/Engine/Plugins/Messaging/UdpMessaging/UdpMessaging.uplugin
LogPluginManager: Loaded Plugin LevelSequenceEditor, From C:/Program Files (x86)/Epic Games/4.14/Engine/Plugins/MovieScene/LevelSequenceEditor/LevelSequenceEditor.uplugin
LogPluginManager: Loaded Plugin MatineeToLevelSequence, From C:/Program Files (x86)/Epic Games/4.14/Engine/Plugins/MovieScene/MatineeToLevelSequence/MatineeToLevelSequence.uplugin
LogPluginManager: Loaded Plugin NetcodeUnitTest, From C:/Program Files (x86)/Epic Games/4.14/Engine/Plugins/NetcodeUnitTest/NetcodeUnitTest/NetcodeUnitTest.uplugin
LogPluginManager: Loaded Plugin NUTUnrealEngine4, From C:/Program Files (x86)/Epic Games/4.14/Engine/Plugins/NetcodeUnitTest/NUTUnrealEngine4/NUTUnrealEngine4.uplugin
LogPluginManager: Loaded Plugin OnlineSubsystemGameCircle, From C:/Program Files (x86)/Epic Games/4.14/Engine/Plugins/Online/Android/OnlineSubsystemGameCircle/OnlineSubsystemGameCircle.uplugin
LogPluginManager: Loaded Plugin OnlineSubsystemGooglePlay, From C:/Program Files (x86)/Epic Games/4.14/Engine/Plugins/Online/Android/OnlineSubsystemGooglePlay/OnlineSubsystemGooglePlay.uplugin
LogPluginManager: Loaded Plugin OnlineSubsystemIOS, From C:/Program Files (x86)/Epic Games/4.14/Engine/Plugins/Online/IOS/OnlineSubsystemIOS/OnlineSubsystemIOS.uplugin
LogPluginManager: Loaded Plugin OnlineFramework, From C:/Program Files (x86)/Epic Games/4.14/Engine/Plugins/Online/OnlineFramework/OnlineFramework.uplugin
LogPluginManager: Loaded Plugin OnlineSubsystem, From C:/Program Files (x86)/Epic Games/4.14/Engine/Plugins/Online/OnlineSubsystem/OnlineSubsystem.uplugin
LogPluginManager: Loaded Plugin OnlineSubsystemAmazon, From C:/Program Files (x86)/Epic Games/4.14/Engine/Plugins/Online/OnlineSubsystemAmazon/OnlineSubsystemAmazon.uplugin
LogPluginManager: Loaded Plugin OnlineSubsystemFacebook, From C:/Program Files (x86)/Epic Games/4.14/Engine/Plugins/Online/OnlineSubsystemFacebook/OnlineSubsystemFacebook.uplugin
LogPluginManager: Loaded Plugin OnlineSubsystemNull, From C:/Program Files (x86)/Epic Games/4.14/Engine/Plugins/Online/OnlineSubsystemNull/OnlineSubsystemNull.uplugin
LogPluginManager: Loaded Plugin OnlineSubsystemOculus, From C:/Program Files (x86)/Epic Games/4.14/Engine/Plugins/Online/OnlineSubsystemOculus/OnlineSubsystemOculus.uplugin
LogPluginManager: Loaded Plugin OnlineSubsystemSteam, From C:/Program Files (x86)/Epic Games/4.14/Engine/Plugins/Online/OnlineSubsystemSteam/OnlineSubsystemSteam.uplugin
LogPluginManager: Loaded Plugin OnlineSubsystemUtils, From C:/Program Files (x86)/Epic Games/4.14/Engine/Plugins/Online/OnlineSubsystemUtils/OnlineSubsystemUtils.uplugin
LogPluginManager: Loaded Plugin IOSTapJoy, From C:/Program Files (x86)/Epic Games/4.14/Engine/Plugins/Runtime/Advertising/IOSTapJoy/IOSTapJoy.uplugin
LogPluginManager: Loaded Plugin AnalyticsBlueprintLibrary, From C:/Program Files (x86)/Epic Games/4.14/Engine/Plugins/Runtime/Analytics/AnalyticsBlueprintLibrary/AnalyticsBlueprintLibrary.uplugin
LogPluginManager: Loaded Plugin AnalyticsMulticast, From C:/Program Files (x86)/Epic Games/4.14/Engine/Plugins/Runtime/Analytics/AnalyticsMulticast/AnalyticsMulticast.uplugin
LogPluginManager: Loaded Plugin Apsalar, From C:/Program Files (x86)/Epic Games/4.14/Engine/Plugins/Runtime/Analytics/Apsalar/Apsalar.uplugin
LogPluginManager: Loaded Plugin FileLogging, From C:/Program Files (x86)/Epic Games/4.14/Engine/Plugins/Runtime/Analytics/FileLogging/FileLogging.uplugin
LogPluginManager: Loaded Plugin Flurry, From C:/Program Files (x86)/Epic Games/4.14/Engine/Plugins/Runtime/Analytics/Flurry/Flurry.uplugin
LogPluginManager: Loaded Plugin AndroidDeviceProfileSelector, From C:/Program Files (x86)/Epic Games/4.14/Engine/Plugins/Runtime/AndroidDeviceProfileSelector/AndroidDeviceProfileSelector.uplugin
LogPluginManager: Loaded Plugin AndroidMoviePlayer, From C:/Program Files (x86)/Epic Games/4.14/Engine/Plugins/Runtime/AndroidMoviePlayer/AndroidMoviePlayer.uplugin
LogPluginManager: Loaded Plugin AppleMoviePlayer, From C:/Program Files (x86)/Epic Games/4.14/Engine/Plugins/Runtime/AppleMoviePlayer/AppleMoviePlayer.uplugin
LogPluginManager: Loaded Plugin ArchVisCharacter, From C:/Program Files (x86)/Epic Games/4.14/Engine/Plugins/Runtime/ArchVisCharacter/ArchVisCharacter.uplugin
LogPluginManager: Loaded Plugin CableComponent, From C:/Program Files (x86)/Epic Games/4.14/Engine/Plugins/Runtime/CableComponent/CableComponent.uplugin
LogPluginManager: Loaded Plugin CustomMeshComponent, From C:/Program Files (x86)/Epic Games/4.14/Engine/Plugins/Runtime/CustomMeshComponent/CustomMeshComponent.uplugin
LogPluginManager: Loaded Plugin ExampleDeviceProfileSelector, From C:/Program Files (x86)/Epic Games/4.14/Engine/Plugins/Runtime/ExampleDeviceProfileSelector/ExampleDeviceProfileSelector.uplugin
LogPluginManager: Loaded Plugin GearVR, From C:/Program Files (x86)/Epic Games/4.14/Engine/Plugins/Runtime/GearVR/GearVR.uplugin
LogPluginManager: Loaded Plugin GoogleVRController, From C:/Program Files (x86)/Epic Games/4.14/Engine/Plugins/Runtime/GoogleVR/GoogleVRController/GoogleVRController.uplugin
LogPluginManager: Loaded Plugin GoogleVRHMD, From C:/Program Files (x86)/Epic Games/4.14/Engine/Plugins/Runtime/GoogleVR/GoogleVRHMD/GoogleVRHMD.uplugin
LogPluginManager: Loaded Plugin IOSDeviceProfileSelector, From C:/Program Files (x86)/Epic Games/4.14/Engine/Plugins/Runtime/IOSDeviceProfileSelector/IOSDeviceProfileSelector.uplugin
LogPluginManager: Loaded Plugin LeapMotion, From C:/Program Files (x86)/Epic Games/4.14/Engine/Plugins/Runtime/LeapMotion/LeapMotion.uplugin
LogPluginManager: Loaded Plugin LinuxDeviceProfileSelector, From C:/Program Files (x86)/Epic Games/4.14/Engine/Plugins/Runtime/LinuxDeviceProfileSelector/LinuxDeviceProfileSelector.uplugin
LogPluginManager: Loaded Plugin MIDIDevice, From C:/Program Files (x86)/Epic Games/4.14/Engine/Plugins/Runtime/MIDIDevice/MIDIDevice.uplugin
LogPluginManager: Loaded Plugin MobilePatchingUtils, From C:/Program Files (x86)/Epic Games/4.14/Engine/Plugins/Runtime/MobilePatchingUtils/MobilePatchingUtils.uplugin
LogPluginManager: Loaded Plugin Ansel, From C:/Program Files (x86)/Epic Games/4.14/Engine/Plugins/Runtime/Nvidia/Ansel/Ansel.uplugin
LogPluginManager: Loaded Plugin OculusAudio, From C:/Program Files (x86)/Epic Games/4.14/Engine/Plugins/Runtime/OculusAudio/OculusAudio.uplugin
LogPluginManager: Loaded Plugin OculusInput, From C:/Program Files (x86)/Epic Games/4.14/Engine/Plugins/Runtime/OculusInput/OculusInput.uplugin
LogPluginManager: Loaded Plugin OculusLibrary, From C:/Program Files (x86)/Epic Games/4.14/Engine/Plugins/Runtime/OculusLibrary/OculusLibrary.uplugin
LogPluginManager: Loaded Plugin OculusRift, From C:/Program Files (x86)/Epic Games/4.14/Engine/Plugins/Runtime/OculusRift/OculusRift.uplugin
LogPluginManager: Loaded Plugin Oodle, From C:/Program Files (x86)/Epic Games/4.14/Engine/Plugins/Runtime/PacketHandlers/CompressionComponents/Oodle/Oodle.uplugin
LogPluginManager: Loaded Plugin ProceduralMeshComponent, From C:/Program Files (x86)/Epic Games/4.14/Engine/Plugins/Runtime/ProceduralMeshComponent/ProceduralMeshComponent.uplugin
LogPluginManager: Loaded Plugin SoundMod, From C:/Program Files (x86)/Epic Games/4.14/Engine/Plugins/Runtime/SoundMod/SoundMod.uplugin
LogPluginManager: Loaded Plugin SoundVisualizations, From C:/Program Files (x86)/Epic Games/4.14/Engine/Plugins/Runtime/SoundVisualizations/SoundVisualizations.uplugin
LogPluginManager: Loaded Plugin SteamController, From C:/Program Files (x86)/Epic Games/4.14/Engine/Plugins/Runtime/Steam/SteamController/SteamController.uplugin
LogPluginManager: Loaded Plugin SteamVR, From C:/Program Files (x86)/Epic Games/4.14/Engine/Plugins/Runtime/Steam/SteamVR/SteamVR.uplugin
LogPluginManager: Loaded Plugin WebBrowserWidget, From C:/Program Files (x86)/Epic Games/4.14/Engine/Plugins/Runtime/WebBrowserWidget/WebBrowserWidget.uplugin
LogPluginManager: Loaded Plugin WindowsDeviceProfileSelector, From C:/Program Files (x86)/Epic Games/4.14/Engine/Plugins/Runtime/WindowsDeviceProfileSelector/WindowsDeviceProfileSelector.uplugin
LogPluginManager: Loaded Plugin WindowsMoviePlayer, From C:/Program Files (x86)/Epic Games/4.14/Engine/Plugins/Runtime/WindowsMoviePlayer/WindowsMoviePlayer.uplugin
LogPluginManager: Loaded Plugin ScriptPlugin, From C:/Program Files (x86)/Epic Games/4.14/Engine/Plugins/ScriptPlugin/ScriptPlugin.uplugin
LogPluginManager: Loaded Plugin SlateRemote, From C:/Program Files (x86)/Epic Games/4.14/Engine/Plugins/Slate/SlateRemote/SlateRemote.uplugin
LogPluginManager: Loaded Plugin EditorTests, From C:/Program Files (x86)/Epic Games/4.14/Engine/Plugins/Tests/EditorTests/EditorTests.uplugin
LogPluginManager: Loaded Plugin FbxAutomationTestBuilder, From C:/Program Files (x86)/Epic Games/4.14/Engine/Plugins/Tests/FbxAutomationTestBuilder/FbxAutomationTestBuilder.uplugin
LogPluginManager: Loaded Plugin FunctionalTestingEditor, From C:/Program Files (x86)/Epic Games/4.14/Engine/Plugins/Tests/FunctionalTestingEditor/FunctionalTestingEditor.uplugin
LogPluginManager: Loaded Plugin RuntimeTests, From C:/Program Files (x86)/Epic Games/4.14/Engine/Plugins/Tests/RuntimeTests/RuntimeTests.uplugin
LogPluginManager: Loaded Plugin ScreenshotTools, From C:/Program Files (x86)/Epic Games/4.14/Engine/Plugins/Tests/ScreenshotTools/ScreenshotTools.uplugin
LogInit: Using libcurl 7.47.1
LogInit:  - built for x86_64-pc-win32
LogInit:  - supports SSL with OpenSSL/1.0.2g
LogInit:  - supports HTTP deflate (compression) using libz 1.2.8
LogInit:  - other features:
LogInit:      CURL_VERSION_SSL
LogInit:      CURL_VERSION_LIBZ
LogInit:      CURL_VERSION_IPV6
LogInit:      CURL_VERSION_ASYNCHDNS
LogInit:      CURL_VERSION_LARGEFILE
LogInit:      CURL_VERSION_IDN
LogInit:  CurlRequestOptions (configurable via config and command line):
LogInit:  - bVerifyPeer = false  - Libcurl will NOT verify peer certificate
LogInit:  - bUseHttpProxy = false  - Libcurl will NOT use HTTP proxy
LogInit:  - bDontReuseConnections = false  - Libcurl will reuse connections
LogInit:  - CertBundlePath = nullptr  - Libcurl will use whatever was configured at build time.
OCULUS: Info: [CAPI] LibOVR module is located at C:\Program Files\Oculus\Support\oculus-runtime\LibOVRRT64_1.dll
OCULUS: Debug: Connected to the server running version (prod = 1).1.12.0(build = 347531) feature version = 0. Client runs version (prod = 1).1.12.0(build = 347531) feature version = 0
LogInit: Build: ++UE4+Release-4.14-CL-3249277
LogInit: Engine Version: 4.14.3-3249277+++UE4+Release-4.14
LogInit: Compatible Engine Version: 4.14.0-3195953+++UE4+Release-4.14
LogInit: Net CL: 3195953
LogDevObjectVersion: Number of dev versions registered: 13
LogDevObjectVersion:   Dev-Blueprints (B0D832E4-1F89-4F0D-ACCF-7EB736FD4AA2): 7
LogDevObjectVersion:   Dev-Build (E1C64328-A22C-4D53-A36C-8E866417BD8C): 0
LogDevObjectVersion:   Dev-Core (375EC13C-06E4-48FB-B500-84F0262A717E): 1
LogDevObjectVersion:   Dev-Editor (E4B068ED-F494-42E9-A231-DA0B2E46BB41): 8
LogDevObjectVersion:   Dev-Framework (CFFC743F-43B0-4480-9391-14DF171D2073): 17
LogDevObjectVersion:   Dev-Mobile (B02B49B5-BB20-44E9-A304-32B752E40360): 0
LogDevObjectVersion:   Dev-Networking (A4E4105C-59A1-49B5-A7C5-40C4547EDFEE): 0
LogDevObjectVersion:   Dev-Online (39C831C9-5AE6-47DC-9A44-9C173E1C8E7C): 0
LogDevObjectVersion:   Dev-Physics (78F01B33-EBEA-4F98-B9B4-84EACCB95AA2): 0
LogDevObjectVersion:   Dev-Platform (6631380F-2D4D-43E0-8009-CF276956A95A): 0
LogDevObjectVersion:   Dev-Rendering (12F88B9F-8875-4AFC-A67C-D90C383ABD29): 12
LogDevObjectVersion:   Dev-Sequencer (7B5AE74C-D270-4C10-A958-57980B212A5A): 1
LogDevObjectVersion:   Dev-VR (D7296918-1DD6-4BDD-9DE2-64A83CC13884): 0
LogInit: Compiled (64-bit): Jan  6 2017 10:49:43
LogInit: Compiled with Visual C++: 19.00.23026.00
LogInit: Build Configuration: Development
LogInit: Branch Name: ++UE4+Release-4.14
LogInit: Command line: -EpicPortal 
LogInit: Base directory: C:/Program Files (x86)/Epic Games/4.14/Engine/Binaries/Win64/
LogInit: Installed Engine Build: 1
LogInit: Presizing for max 8388607 objects, including 0 objects not considered by GC, pre-allocating 0 bytes for permanent pool.
LogInit: Object subsystem initialized
[2017.03.06-04.25.37:703][  0]LogInit: Selected Device Profile: [Windows]
[2017.03.06-04.25.37:703][  0]LogInit: Applying CVar settings loaded from the selected device profile: [Windows]
[2017.03.06-04.25.37:730][  0]LogInit: Computer: LUKESDINER
[2017.03.06-04.25.37:730][  0]LogInit: User: LexusAvila
[2017.03.06-04.25.37:730][  0]LogInit: CPU Page size=65536, Cores=4
[2017.03.06-04.25.37:730][  0]LogInit: High frequency timer resolution =2.531251 MHz
[2017.03.06-04.25.37:730][  0]LogMemory: Memory total: Physical=15.9GB (16GB approx)
[2017.03.06-04.25.37:730][  0]LogMemory: Platform Memory Stats for Windows
[2017.03.06-04.25.37:730][  0]LogMemory: Process Physical Memory: 269.07 MB used, 269.07 MB peak
[2017.03.06-04.25.37:730][  0]LogMemory: Process Virtual Memory: 265.90 MB used, 265.90 MB peak
[2017.03.06-04.25.37:730][  0]LogMemory: Physical Memory: 4529.47 MB used,  11746.70 MB free, 16276.17 MB total
[2017.03.06-04.25.37:730][  0]LogMemory: Virtual Memory: 713.54 MB used,  11746.70 MB free, 134217728.00 MB total
[2017.03.06-04.25.37:903][  0]LogTextLocalizationManager: No specific translations for ('en-US') exist, so ('en') translations will be used.
[2017.03.06-04.25.39:987][  0]LogD3D11RHI: D3D11 adapters:
[2017.03.06-04.25.40:034][  0]LogD3D11RHI:    0. 'NVIDIA GeForce GTX 1060' (Feature Level 11_0)
[2017.03.06-04.25.40:034][  0]LogD3D11RHI:       6100/0/8138 MB DedicatedVideo/DedicatedSystem/SharedSystem, Outputs:1, VendorId:0x10de
[2017.03.06-04.25.40:040][  0]LogD3D11RHI:    1. 'Intel(R) HD Graphics 530' (Feature Level 11_0)
[2017.03.06-04.25.40:040][  0]LogD3D11RHI:       128/0/8138 MB DedicatedVideo/DedicatedSystem/SharedSystem, Outputs:0, VendorId:0x8086
[2017.03.06-04.25.40:041][  0]LogD3D11RHI:    2. 'Microsoft Basic Render Driver' (Feature Level 11_0)
[2017.03.06-04.25.40:041][  0]LogD3D11RHI:       0/0/8138 MB DedicatedVideo/DedicatedSystem/SharedSystem, Outputs:0, VendorId:0x1414
[2017.03.06-04.25.40:041][  0]LogD3D11RHI: Chosen D3D11 Adapter: 0
[2017.03.06-04.25.40:045][  0]LogD3D11RHI: Creating new Direct3DDevice
[2017.03.06-04.25.40:045][  0]LogD3D11RHI:     GPU DeviceId: 0x1c20 (for the marketing name, search the web for "GPU Device Id")
[2017.03.06-04.25.40:045][  0]LogWindows: EnumDisplayDevices:
[2017.03.06-04.25.40:046][  0]LogWindows:    0. 'Intel(R) HD Graphics 530' (P:1 D:1)
[2017.03.06-04.25.40:046][  0]LogWindows:    1. 'Intel(R) HD Graphics 530' (P:0 D:0)
[2017.03.06-04.25.40:046][  0]LogWindows:    2. 'Intel(R) HD Graphics 530' (P:0 D:0)
[2017.03.06-04.25.40:046][  0]LogWindows:    3. 'NVIDIA GeForce GTX 1060' (P:0 D:0)
[2017.03.06-04.25.40:046][  0]LogWindows: DebugString: PrimaryIsNotTheChoosenAdapter PrimaryIsNotTheChoosenAdapter PrimaryIsNotTheChoosenAdapter 
[2017.03.06-04.25.40:046][  0]LogD3D11RHI:     Adapter Name: NVIDIA GeForce GTX 1060
[2017.03.06-04.25.40:046][  0]LogD3D11RHI:   Driver Version: 376.54 (internal:21.21.13.7654, unified:376.54)
[2017.03.06-04.25.40:046][  0]LogD3D11RHI:      Driver Date: 12-29-2016
[2017.03.06-04.25.40:046][  0]LogRHI: Texture pool is 1361 MB (70% of 1945 MB)
[2017.03.06-04.25.40:065][  0]LogD3D11RHI: Async texture creation enabled
[2017.03.06-04.25.40:077][  0]LogD3D11RHI: GPU Timing Frequency: 1000.000000 (Debug: 2 1)
[2017.03.06-04.25.40:078][  0]LogShaderCompilers: Guid format shader working directory is -21 characters bigger than the processId version (../../../../../../Users/Lexus Avila/Documents/Unreal Projects/MyProject3/Intermediate/Shaders/WorkingDirectory/20056/).
[2017.03.06-04.25.40:078][  0]LogShaderCompilers: Cleaned the shader compiler working directory 'C:/Users/Lexus Avila/AppData/Local/Temp/UnrealShaderWorkingDir/7BA1D20942D4FA0DDCEB8A925E04FE6F/'.
[2017.03.06-04.25.40:078][  0]LogShaderCompilers:Display: Using Local Shader Compiler.
[2017.03.06-04.25.41:992][  0]LogTemp:Display: Loaded TP AllDesktopTargetPlatform
[2017.03.06-04.25.42:042][  0]LogTemp:Display: Loaded TP MacClientTargetPlatform
[2017.03.06-04.25.42:094][  0]LogTemp:Display: Loaded TP MacNoEditorTargetPlatform
[2017.03.06-04.25.42:145][  0]LogTemp:Display: Loaded TP MacServerTargetPlatform
[2017.03.06-04.25.42:200][  0]LogTemp:Display: Loaded TP MacTargetPlatform
[2017.03.06-04.25.42:253][  0]LogTemp:Display: Loaded TP WindowsClientTargetPlatform
[2017.03.06-04.25.42:304][  0]LogTemp:Display: Loaded TP WindowsNoEditorTargetPlatform
[2017.03.06-04.25.42:355][  0]LogTemp:Display: Loaded TP WindowsServerTargetPlatform
[2017.03.06-04.25.42:398][  0]LogTemp:Display: Loaded TP WindowsTargetPlatform
[2017.03.06-04.25.42:452][  0]LogTemp:Display: Loaded TP AndroidTargetPlatform
[2017.03.06-04.25.42:502][  0]LogTemp:Display: Loaded TP Android_ASTCTargetPlatform
[2017.03.06-04.25.42:552][  0]LogTemp:Display: Loaded TP Android_ATCTargetPlatform
[2017.03.06-04.25.42:603][  0]LogTemp:Display: Loaded TP Android_DXTTargetPlatform
[2017.03.06-04.25.42:664][  0]LogTemp:Display: Loaded TP Android_ETC1TargetPlatform
[2017.03.06-04.25.42:713][  0]LogTemp:Display: Loaded TP Android_ETC2TargetPlatform
[2017.03.06-04.25.42:814][  0]LogTemp:Display: Loaded TP Android_MultiTargetPlatform
[2017.03.06-04.25.42:814][  0]LogTemp:Display: Loaded TP Android_PVRTCTargetPlatform
[2017.03.06-04.25.42:850][  0]LogTemp:Display: Loaded TP HTML5TargetPlatform
[2017.03.06-04.25.42:949][  0]LogTemp:Display: Loaded TP IOSTargetPlatform
[2017.03.06-04.25.42:983][  0]LogTemp:Display: Loaded TP TVOSTargetPlatform
[2017.03.06-04.25.43:031][  0]LogTemp:Display: Loaded TP LinuxClientTargetPlatform
[2017.03.06-04.25.43:079][  0]LogTemp:Display: Loaded TP LinuxNoEditorTargetPlatform
[2017.03.06-04.25.43:129][  0]LogTemp:Display: Loaded TP LinuxServerTargetPlatform
[2017.03.06-04.25.43:181][  0]LogTemp:Display: Loaded TP LinuxTargetPlatform
[2017.03.06-04.25.43:181][  0]LogTargetPlatformManager:Display: Building Assets For Windows
[2017.03.06-04.25.43:736][  0]LogDerivedDataCache:Display: Max Cache Size: 512 MB
[2017.03.06-04.25.43:784][  0]LogDerivedDataCache: Loaded boot cache 0.05s 50MB C:/Users/Lexus Avila/AppData/Local/UnrealEngine/4.14/DerivedDataCache/Boot.ddc.
[2017.03.06-04.25.43:784][  0]LogDerivedDataCache:Display: Loaded Boot cache: C:/Users/Lexus Avila/AppData/Local/UnrealEngine/4.14/DerivedDataCache/Boot.ddc
[2017.03.06-04.25.43:785][  0]LogDerivedDataCache: FDerivedDataBackendGraph:  Pak pak cache file ../../../../../../Users/Lexus Avila/Documents/Unreal Projects/MyProject3/DerivedDataCache/DDC.ddp not found, will not use a pak cache.
[2017.03.06-04.25.43:785][  0]LogDerivedDataCache: Unable to find inner node Pak for hierarchical cache Hierarchy.
[2017.03.06-04.25.43:785][  0]LogDerivedDataCache: FDerivedDataBackendGraph:  CompressedPak pak cache file ../../../../../../Users/Lexus Avila/Documents/Unreal Projects/MyProject3/DerivedDataCache/Compressed.ddp not found, will not use a pak cache.
[2017.03.06-04.25.43:785][  0]LogDerivedDataCache: Unable to find inner node CompressedPak for hierarchical cache Hierarchy.
[2017.03.06-04.25.43:803][  0]LogDerivedDataCache:Display: Pak cache opened for reading ../../../Engine/DerivedDataCache/Compressed.ddp.
[2017.03.06-04.25.43:816][  0]LogDerivedDataCache: Using Local data cache path C:/Users/Lexus Avila/AppData/Local/UnrealEngine/Common/DerivedDataCache: Writable
[2017.03.06-04.25.45:616][  0]LogInit: Selected Device Profile: [Windows]
[2017.03.06-04.25.45:618][  0]LogContentStreaming: Texture pool size is 0.00 MB
[2017.03.06-04.25.45:835][  0]LogMeshUtilities: Using QuadricMeshReduction for automatic static mesh reduction
[2017.03.06-04.25.45:874][  0]LogSimplygon: Simplygon DLL not present - disabling.
[2017.03.06-04.25.45:916][  0]LogMeshUtilities: Using SimplygonSwarm for distributed automatic mesh merging
[2017.03.06-04.25.45:916][  0]LogMeshUtilities: No automatic skeletal mesh reduction module available
[2017.03.06-04.25.45:916][  0]LogMeshUtilities: No automatic mesh merging module available
[2017.03.06-04.25.46:842][  0]LogNetVersion: GetLocalNetworkVersion: CL: 3195953, ProjectName: myproject3, ProjectVersion: , EngineNetworkVersion: 2, GameNetworkVersion: 0, NetworkChecksum: 2433726356
[2017.03.06-04.25.46:908][  0]LogAssetRegistry: FAssetRegistry took 0.0225 seconds to start up
[2017.03.06-04.25.46:973][  0]LogPackageLocalizationCache: Processed 3 localized package path(s) for 2 prioritized culture(s) in 0.038565 seconds
[2017.03.06-04.25.46:979][  0]LogUObjectArray: 31946 objects as part of root set at end of initial load.
[2017.03.06-04.25.46:979][  0]LogUObjectAllocator: 6935848 out of 0 bytes used by permanent object pool.
[2017.03.06-04.25.46:979][  0]LogUObjectArray: CloseDisregardForGC: 0/0 objects in disregard for GC pool
[2017.03.06-04.25.47:043][  0]LogInit: WinSock: version 1.1 (2.2), MaxSocks=32767, MaxUdp=65467
[2017.03.06-04.25.47:748][  0]LogSlate: Using Freetype 2.6.0
[2017.03.06-04.25.47:759][  0]LogSlate: SlateFontCache - WITH_FREETYPE: 1, WITH_HARFBUZZ: 1
[2017.03.06-04.25.47:759][  0]LogSlate: SlateFontCache - WITH_FREETYPE: 1, WITH_HARFBUZZ: 1
[2017.03.06-04.25.49:424][  0]LogTcpMessaging: Initializing TcpMessaging bridge
[2017.03.06-04.25.49:463][  0]LogUdpMessaging: Initializing bridge on interface 0.0.0.0:0 to multicast group 230.0.0.1:6666.
[2017.03.06-04.25.49:820][  0]LogMaterial: Uniform references updated for custom material expression Custom.
[2017.03.06-04.25.50:244][  0]SourceControl: Info Source control is disabled
[2017.03.06-04.25.52:127][  0]LogEngine: Initializing Engine...
[2017.03.06-04.25.52:128][  0]LogHMD: Oculus plugin initialized. Version: 4.14.3-3249277+++UE4+Release-4.14, LibOVR: 1.12.0, SDK: 1.8.0, built Jan  6 2017, 10:50:26
[2017.03.06-04.25.52:452][  0]LogAIModule: Creating AISystem for world Untitled
[2017.03.06-04.25.52:462][  0]LogInit: XAudio2 using 'Speakers (Realtek High Definition Audio)' : 2 channels at 48 kHz using 32 bits per sample (channel mask 0x3)
[2017.03.06-04.25.52:489][  0]LogInit: FAudioDevice initialized.
[2017.03.06-04.25.52:511][  0]LogDerivedDataCache: Saved boot cache 0.02s 50MB C:/Users/Lexus Avila/AppData/Local/UnrealEngine/4.14/DerivedDataCache/Boot.ddc.
[2017.03.06-04.25.52:518][  0]LogInit: Texture streaming: Enabled
[2017.03.06-04.25.52:703][  0]LogInit: Transaction tracking system initialized
[2017.03.06-04.25.53:035][  0]BlueprintLog: New page: Editor Load
[2017.03.06-04.25.53:899][  0]LocalizationService: Info Localization service is disabled
[2017.03.06-04.25.54:537][  0]LogConsoleResponse:Display: 
[2017.03.06-04.25.54:921][  0]LogCook:Display: Max memory allowance for cook 16384mb min free memory 0mb
[2017.03.06-04.25.54:921][  0]LogCook:Display: Mobile HDR setting 1
[2017.03.06-04.25.56:051][  0]LogFileCache: Scanning file cache for directory 'C:/Users/Lexus Avila/Documents/Unreal Projects/MyProject3/Content/' took 0.02s
[2017.03.06-04.25.56:058][  0]LogWindowsTextInputMethodSystem:Display: IME system now deactivated.
[2017.03.06-04.26.02:256][  0]LogWindowsTextInputMethodSystem:Display: IME system now deactivated.
[2017.03.06-04.26.02:260][  0]LogWindowsTextInputMethodSystem:Display: IME system now deactivated.
[2017.03.06-04.26.02:437][  0]LogWindowsTextInputMethodSystem:Display: IME system now deactivated.
[2017.03.06-04.26.02:439][  0]LogWindowsTextInputMethodSystem:Display: IME system now deactivated.
[2017.03.06-04.26.02:520][  0]Cmd: MAP LOAD FILE="../../../../../../Users/Lexus Avila/Documents/Unreal Projects/MyProject3/Content/FirstPersonBP/Maps/FirstPersonExampleMap.umap" TEMPLATE=0 SHOWPROGRESS=1 FEATURELEVEL=3
[2017.03.06-04.26.02:520][  0]LightingResults: New page: Lighting Build
[2017.03.06-04.26.02:561][  0]MapCheck: New page: Map Check
[2017.03.06-04.26.02:561][  0]LightingResults: New page: Lighting Build
[2017.03.06-04.26.08:563][  0]LogAIModule: Creating AISystem for world FirstPersonExampleMap
[2017.03.06-04.26.08:696][  0]PIE:Warning: Warning Invalid Simulate Options: Body (teaset_Blueprint.StaticMeshComponent0 teaset) is set to simulate physics but Collision Enabled is incompatible
[2017.03.06-04.26.08:696][  0]PIE:Warning: Warning Invalid Simulate Options: Body (teaset_Blueprint.StaticMeshComponent0 teaset) is set to simulate physics but Collision Enabled is incompatible
[2017.03.06-04.26.18:143][  0]LogEditorServer: Finished looking for orphan Actors (0.000 secs)
[2017.03.06-04.26.18:144][  0]Cmd: MAP CHECKDEP NOCLEARLOG
[2017.03.06-04.26.18:249][  0]MapCheck: Info Map check complete: 0 Error(s), 0 Warning(s), took 105.47ms to complete.
[2017.03.06-04.26.18:250][  0]LogFileHelpers: Loading map 'FirstPersonExampleMap' took 15.730
[2017.03.06-04.26.18:386][  0]LogStats:Warning: MetaData mismatch. Did you assign a stat to two groups? New //STATGROUP_Threads//SplashScreenThread///Thread_2f68_0///####STATCAT_Advanced#### old //STATGROUP_Threads//SplashScreenThread///Thread_1c28_0///####STATCAT_Advanced####
[2017.03.06-04.26.18:386][  0]LogCollectionManager: Loaded 0 collections in 0.002176 seconds
[2017.03.06-04.26.18:479][  0]LogFileCache: Scanning file cache for directory 'C:/Users/Lexus Avila/Documents/Unreal Projects/MyProject3/Saved/Collections/' took 0.01s
[2017.03.06-04.26.18:479][  0]LogFileCache: Scanning file cache for directory 'C:/Users/Lexus Avila/Documents/Unreal Projects/MyProject3/Content/Developers/LexusAvila/Collections/' took 0.01s
[2017.03.06-04.26.18:479][  0]LogFileCache: Scanning file cache for directory 'C:/Users/Lexus Avila/Documents/Unreal Projects/MyProject3/Content/Collections/' took 0.01s
[2017.03.06-04.26.18:479][  0]LogCollectionManager: Rebuilt the GUID cache for 0 collections in 0.000002 seconds
[2017.03.06-04.26.18:491][  0]LogContentBrowser: Native class hierarchy populated in 0.0102 seconds. Added 2190 classes and 428 folders.
[2017.03.06-04.26.18:534][  0]LogStats: UGameplayTagsManager::ConstructGameplayTagTree: Construct from data asset -  0.000 s
[2017.03.06-04.26.18:534][  0]LogStats: UGameplayTagsManager::ConstructGameplayTagTree: GameplayTagTreeChangedEvent.Broadcast -  0.000 s
[2017.03.06-04.26.18:535][  0]LogContentBrowser: Native class hierarchy updated for 'GameplayTags' in 0.0006 seconds. Added 13 classes and 0 folders.
[2017.03.06-04.26.18:597][  0]LogContentBrowser: Native class hierarchy updated for 'WidgetCarousel' in 0.0004 seconds. Added 0 classes and 0 folders.
[2017.03.06-04.26.18:880][  0]LogContentBrowser: Native class hierarchy updated for 'AddContentDialog' in 0.0005 seconds. Added 0 classes and 0 folders.
[2017.03.06-04.26.18:931][  0]LogContentBrowser: Native class hierarchy updated for 'SceneOutliner' in 0.0004 seconds. Added 1 classes and 2 folders.
[2017.03.06-04.26.19:136][  0]LogCrashTracker: Crashtracker disabled due to settings.
[2017.03.06-04.26.19:150][  0]LogUObjectGlobals:Warning: Failed to find object 'Class None.'
[2017.03.06-04.26.19:218][  0]LogContentBrowser: Native class hierarchy updated for 'HierarchicalLODOutliner' in 0.0005 seconds. Added 1 classes and 2 folders.
[2017.03.06-04.26.19:219][  0]LogLoad: (Engine Initialization) Total time: 44.65 seconds
[2017.03.06-04.26.19:219][  0]LogLoad: (Engine Initialization) Total Blueprint compile time: 0.24 seconds
[2017.03.06-04.26.19:219][  0]LogExternalProfiler: Found external profiler: VSPerf
[2017.03.06-04.26.19:219][  0]LogExternalProfiler: Using external profiler: VSPerf
[2017.03.06-04.26.19:555][  0]LogOcInput: OculusInput pre-init called
[2017.03.06-04.26.19:568][  0]LogOcInput: OculusInput is initialized. Init status 0. Runtime version: 1.12.0
[2017.03.06-04.26.19:596][  0]SourceControl: Info On branch master
[2017.03.06-04.26.19:596][  0]SourceControl: Info Changes to be committed:
[2017.03.06-04.26.19:596][  0]SourceControl: Info   (use "git reset HEAD <file>..." to unstage)
[2017.03.06-04.26.19:596][  0]SourceControl: Info 	new file:   Content/NewAssets/ArchVis/Materials/MI_Couch_NOSSS_Mat_Inst.uasset
[2017.03.06-04.26.19:596][  0]SourceControl: Info 	new file:   Content/NewAssets/ArchVis/Materials/M_Couch_NOSSS_Mat.uasset
[2017.03.06-04.26.19:596][  0]SourceControl: Info 	new file:   Content/NewAssets/ArchVis/Mesh/SM_Couch.uasset
[2017.03.06-04.26.19:596][  0]SourceControl: Info 	new file:   Content/NewAssets/ArchVis/Textures/T_Couch_AO.uasset
[2017.03.06-04.26.19:596][  0]SourceControl: Info 	new file:   Content/NewAssets/ArchVis/Textures/T_Couch_Mask.uasset
[2017.03.06-04.26.19:596][  0]SourceControl: Info 	new file:   Content/NewAssets/ArchVis/Textures/T_Couch_N.uasset
[2017.03.06-04.26.19:596][  0]SourceControl: Info 	new file:   Content/NewAssets/ArchVis/Textures/T_Leather_D.uasset
[2017.03.06-04.26.19:596][  0]SourceControl: Info 	new file:   Content/NewAssets/ArchVis/Textures/T_Leather_N.uasset
[2017.03.06-04.26.19:596][  0]SourceControl: Info 	new file:   Content/NewAssets/ArchVis/Textures/T_Leather_S.uasset
[2017.03.06-04.26.19:596][  0]SourceControl: Info 	new file:   Content/clockspin.uasset
[2017.03.06-04.26.19:596][  0]SourceControl: Info Changes not staged for commit:
[2017.03.06-04.26.19:596][  0]SourceControl: Info   (use "git add <file>..." to update what will be committed)
[2017.03.06-04.26.19:596][  0]SourceControl: Info   (use "git checkout -- <file>..." to discard changes in working directory)
[2017.03.06-04.26.19:596][  0]SourceControl: Info 	modified:   Config/DefaultEditor.ini
[2017.03.06-04.26.19:596][  0]SourceControl: Info 	modified:   Content/FirstPersonBP/Blueprints/FirstPersonCharacter.uasset
[2017.03.06-04.26.19:596][  0]SourceControl: Info 	modified:   Content/FirstPersonBP/Maps/FirstPersonExampleMap.umap
[2017.03.06-04.26.19:596][  0]SourceControl: Info 	modified:   Content/FirstPersonBP/Maps/FirstPersonExampleMap_BuiltData.uasset
[2017.03.06-04.26.19:596][  0]SourceControl: Info 	modified:   Content/KiteDemo/Environments/GroundTiles/Grass/M_Ground_Grass2.uasset
[2017.03.06-04.26.19:596][  0]SourceControl: Info 	modified:   Content/KiteDemo/LevelContent/Architecture/SM_AssetPlatform_02.uasset
[2017.03.06-04.26.19:596][  0]SourceControl: Info 	modified:   Content/RoomItems/diningset/Wood_Cherry_Original.uasset
[2017.03.06-04.26.19:596][  0]SourceControl: Info 	modified:   Content/StarterContent/Materials/M_Water_Ocean.uasset
[2017.03.06-04.26.19:596][  0]SourceControl: Info Untracked files:
[2017.03.06-04.26.19:596][  0]SourceControl: Info   (use "git add <file>..." to include in what will be committed)
[2017.03.06-04.26.19:596][  0]SourceControl: Info 	Content/ArchVis/
[2017.03.06-04.26.19:596][  0]SourceControl: Info 	Content/Audio/
[2017.03.06-04.26.19:596][  0]SourceControl: Info 	Content/ClocksSpin.uasset
[2017.03.06-04.26.19:596][  0]SourceControl: Info 	Content/Environment/
[2017.03.06-04.26.19:596][  0]SourceControl: Info 	Content/RoomItems/diningset/Wood_Cherry_Original3.uasset
[2017.03.06-04.26.19:596][  0]SourceControl: Info 	Content/RoomItems/diningset/dining.uasset
[2017.03.06-04.26.19:596][  0]SourceControl: Info 	Content/RoomItems/diningset/material.uasset
[2017.03.06-04.26.19:596][  0]SourceControl: Info 	Content/RoomItems/diningset/material_0.uasset
[2017.03.06-04.26.19:596][  0]SourceControl: Info 	Content/RoomItems/robobunny/
[2017.03.06-04.26.19:596][  0]SourceControl: Info 	Content/bunnysequence.uasset
[2017.03.06-04.26.19:597][  0]LogContentStreaming: Texture pool size now 1000 MB
[2017.03.06-04.26.19:788][  1]LogAssetRegistry: Asset discovery search completed in 32.9028 seconds
[2017.03.06-04.26.19:788][  1]LogCollectionManager: Rebuilt the object cache for 0 collections in 0.000000 seconds (found 0 objects)
[2017.03.06-04.26.19:788][  1]LogCollectionManager: Fixed up redirectors for 0 collections in 0.000014 seconds (updated 0 objects)
[2017.03.06-04.26.19:838][  2]LogRenderer: Reallocating scene render targets to support 1388x696 NumSamples 1 (Frame:2).
[2017.03.06-04.27.45:630][546]LogSlate:Warning: Prevented a slow task dialog from being summoned while a context menu was open
[2017.03.06-04.27.45:904][546]LogMaterial: Missing cached shader map for material BogMyrtle_01_Fronds_Mat, compiling. 
[2017.03.06-04.27.46:005][546]LogMaterial: Missing cached shader map for material BogMyrtle_01_Billboard_Mat, compiling. 
[2017.03.06-04.27.46:303][546]LogTexture:Display: Building textures: BogMyrtleBush_02_Atlas_Billboards_Tex (AutoDXT)
[2017.03.06-04.27.47:950][546]LogTexture:Display: Building textures: BogMyrtleBush_02_Atlas_Billboards_Normal_Tex (BC5)
[2017.03.06-04.27.48:582][546]LogMaterial: Missing cached shader map for material M_Fern_01, compiling. 
[2017.03.06-04.27.48:696][546]LogMaterial: Missing cached shader map for material M_Fern_01, compiling. 
[2017.03.06-04.27.48:834][546]LogStaticMesh: Building static mesh SM_Fern_02...
[2017.03.06-04.27.48:865][546]LogMeshUtilities: Invalid vertex normals found for mesh. Forcing recomputation of vertex normals for MikkTSpace. Fix mesh or disable "Use MikkTSpace Tangent Space" to avoid forced recomputation of normals.
[2017.03.06-04.27.48:911][546]LogMeshUtilities: Invalid vertex normals found for mesh. Forcing recomputation of vertex normals for MikkTSpace. Fix mesh or disable "Use MikkTSpace Tangent Space" to avoid forced recomputation of normals.
[2017.03.06-04.27.48:991][546]LogStaticMesh: Built static mesh [0.16s] /Game/KiteDemo/Environments/Foliage/Ferns/SM_Fern_02.SM_Fern_02
[2017.03.06-04.27.49:013][546]LogStaticMesh: Building static mesh SM_Fern_03...
[2017.03.06-04.27.49:039][546]LogMeshUtilities: Invalid vertex normals found for mesh. Forcing recomputation of vertex normals for MikkTSpace. Fix mesh or disable "Use MikkTSpace Tangent Space" to avoid forced recomputation of normals.
[2017.03.06-04.27.49:080][546]LogMeshUtilities: Invalid vertex normals found for mesh. Forcing recomputation of vertex normals for MikkTSpace. Fix mesh or disable "Use MikkTSpace Tangent Space" to avoid forced recomputation of normals.
[2017.03.06-04.27.49:155][546]LogStaticMesh: Built static mesh [0.14s] /Game/KiteDemo/Environments/Foliage/Ferns/SM_Fern_03.SM_Fern_03
[2017.03.06-04.27.49:221][546]LogMaterial: Uniform references updated for custom material expression TemporalAA SampleID.
[2017.03.06-04.27.49:221][546]LogMaterial: Uniform references updated for custom material expression Custom.
[2017.03.06-04.27.49:239][546]LogMaterial: Missing cached shader map for material M_Buttercup_Patch_01, compiling. 
[2017.03.06-04.27.49:365][546]LogMaterial: Missing cached shader map for material M_Buttercup_Patch_01, compiling. 
[2017.03.06-04.27.49:575][546]LogMaterial: Missing cached shader map for material M_FieldScabious_01, compiling. 
[2017.03.06-04.27.49:709][546]LogMaterial: Missing cached shader map for material M_FieldScabious_01, compiling. 
[2017.03.06-04.27.49:831][546]LogStaticMesh: Building static mesh SM_FieldScabious_01...
[2017.03.06-04.27.50:100][546]LogStaticMesh: Built static mesh [0.27s] /Game/KiteDemo/Environments/Foliage/Flowers/FieldScabious/SM_FieldScabious_01.SM_FieldScabious_01
[2017.03.06-04.27.50:166][546]LogMaterial: Missing cached shader map for material M_HeatherNew_Master, compiling. 
[2017.03.06-04.27.50:541][546]LogTexture:Display: Building textures: T_Grass_Blobby_Height_01 (AutoDXT)
[2017.03.06-04.27.53:036][546]LogMaterial: Missing cached shader map for material M_HeatherNew_MasterWorldColorVarience, compiling. 
[2017.03.06-04.27.53:172][546]LogMaterial: Missing cached shader map for material M_HeatherNew_Master, compiling. 
[2017.03.06-04.27.53:290][546]LogMaterial: Missing cached shader map for material M_HeatherNew_MasterWorldColorVarience, compiling. 
[2017.03.06-04.27.53:401][546]LogMaterial: Missing cached shader map for material M_HeatherNew_MasterWorldColorVarience, compiling. 
[2017.03.06-04.27.53:501][546]LogStaticMesh: Building static mesh SM_Heather_Mesh_Clumps2...
[2017.03.06-04.27.53:502][546]LogMeshUtilities: Invalid vertex normals found for mesh. Forcing recomputation of vertex normals for MikkTSpace. Fix mesh or disable "Use MikkTSpace Tangent Space" to avoid forced recomputation of normals.
[2017.03.06-04.27.53:503][546]LogMeshUtilities: Invalid vertex normals found for mesh. Forcing recomputation of vertex normals for MikkTSpace. Fix mesh or disable "Use MikkTSpace Tangent Space" to avoid forced recomputation of normals.
[2017.03.06-04.27.53:532][546]LogStaticMesh: Built static mesh [0.03s] /Game/KiteDemo/Environments/Foliage/Flowers/Heather/SM_Heather_Mesh_Clumps2.SM_Heather_Mesh_Clumps2
[2017.03.06-04.27.53:540][546]LogStaticMesh: Building static mesh SM_Heather_Mesh_Clumps2_WorldPopulate...
[2017.03.06-04.27.53:600][546]LogMeshUtilities: Invalid vertex normals found for mesh. Forcing recomputation of vertex normals for MikkTSpace. Fix mesh or disable "Use MikkTSpace Tangent Space" to avoid forced recomputation of normals.
[2017.03.06-04.27.53:600][546]LogMeshUtilities: Invalid vertex normals found for mesh. Forcing recomputation of vertex normals for MikkTSpace. Fix mesh or disable "Use MikkTSpace Tangent Space" to avoid forced recomputation of normals.
[2017.03.06-04.27.53:633][546]LogStaticMesh: Built static mesh [0.09s] /Game/KiteDemo/Environments/Foliage/Flowers/Heather/SM_Heather_Mesh_Clumps2_WorldPopulate.SM_Heather_Mesh_Clumps2_WorldPopulate
[2017.03.06-04.27.53:661][546]LogMaterial: Missing cached shader map for material M_HeatherNew_Master, compiling. 
[2017.03.06-04.27.53:914][546]LogMaterial: Missing cached shader map for material M_FieldGrass_01, compiling. 
[2017.03.06-04.27.54:019][546]LogMaterial: Missing cached shader map for material M_FieldGrass_01, compiling. 
[2017.03.06-04.27.54:189][546]LogMaterial: Missing cached shader map for material M_DeadLeaves, compiling. 
[2017.03.06-04.27.56:848][546]LogTexture:Display: Building textures: T_Forest_Path_001A_D_R (AutoDXT)
[2017.03.06-04.28.11:853][546]LogTexture:Display: Building textures: T_Forest_Path_001A_N (BC5)
[2017.03.06-04.28.17:973][546]LogTexture:Display: Building textures: T_Forest_Path_001B_N (BC5)
[2017.03.06-04.28.34:111][546]LogTexture:Display: Building textures: T_Forest_Path_001B_D_R (AutoDXT)
